\BOOKMARK [0][-]{chapter.1}{\376\377\000U\000s\000e\000r\000\040\000M\000a\000n\000u\000a\000l}{}% 1
\BOOKMARK [1][-]{section.1.1}{\376\377\000S\000e\000t\000t\000i\000n\000g\000\040\000U\000p\000\040\000t\000h\000e\000\040\000P\000r\000o\000j\000e\000c\000t}{chapter.1}% 2
\BOOKMARK [1][-]{section.1.2}{\376\377\000W\000o\000r\000k\000i\000n\000g\000\040\000i\000n\000\040\000L\000a\000n\000d\000i\000n\000g\000\040\000G\000U\000I}{chapter.1}% 3
\BOOKMARK [1][-]{section.1.3}{\376\377\000W\000o\000r\000k\000i\000n\000g\000\040\000i\000n\000\040\000G\000U\000I\000\040\000\043\0001}{chapter.1}% 4
\BOOKMARK [2][-]{subsection.1.3.1}{\376\377\000S\000t\000e\000p\000s}{section.1.3}% 5
\BOOKMARK [2][-]{subsection.1.3.2}{\376\377\000A\000n\000a\000m\000o\000l\000i\000e\000s\000\040\000M\000a\000n\000a\000g\000e\000m\000e\000n\000t}{section.1.3}% 6
\BOOKMARK [1][-]{section.1.4}{\376\377\000W\000o\000r\000k\000i\000n\000g\000\040\000i\000n\000\040\000G\000U\000I\000\040\000\043\0002}{chapter.1}% 7
\BOOKMARK [2][-]{subsection.1.4.1}{\376\377\000S\000t\000e\000p\000s}{section.1.4}% 8
\BOOKMARK [2][-]{subsection.1.4.2}{\376\377\000A\000n\000a\000m\000o\000l\000i\000e\000s\000\040\000M\000a\000n\000a\000g\000e\000m\000e\000n\000t}{section.1.4}% 9
\BOOKMARK [1][-]{section.1.5}{\376\377\000W\000o\000r\000k\000i\000n\000g\000\040\000i\000n\000\040\000G\000U\000I\000\040\000\043\0003}{chapter.1}% 10
\BOOKMARK [2][-]{subsection.1.5.1}{\376\377\000S\000t\000e\000p\000s}{section.1.5}% 11
\BOOKMARK [2][-]{subsection.1.5.2}{\376\377\000A\000n\000a\000m\000o\000l\000i\000e\000s\000\040\000M\000a\000n\000a\000g\000e\000m\000e\000n\000t}{section.1.5}% 12
\BOOKMARK [1][-]{section.1.6}{\376\377\000F\000A\000Q\000s}{chapter.1}% 13
\BOOKMARK [0][-]{chapter.2}{\376\377\000D\000e\000v\000e\000l\000o\000p\000e\000r\000\040\000M\000a\000n\000u\000a\000l}{}% 14
\BOOKMARK [1][-]{section.2.1}{\376\377\000S\000o\000f\000t\000w\000a\000r\000e\000\040\000R\000e\000q\000u\000i\000r\000e\000m\000e\000n\000t\000s}{chapter.2}% 15
\BOOKMARK [1][-]{section.2.2}{\376\377\000B\000u\000g\000\040\000R\000e\000p\000o\000r\000t\000s\000\040\000a\000n\000d\000\040\000F\000e\000a\000t\000u\000r\000e\000\040\000R\000e\000q\000u\000e\000s\000t\000s}{chapter.2}% 16
\BOOKMARK [1][-]{section.2.3}{\376\377\000C\000o\000n\000t\000r\000i\000b\000u\000t\000i\000n\000g\000\040\000o\000n\000\040\000t\000h\000e\000\040\000P\000r\000o\000j\000e\000c\000t}{chapter.2}% 17
\BOOKMARK [2][-]{subsection.2.3.1}{\376\377\000G\000e\000t\000t\000i\000n\000g\000\040\000S\000t\000a\000r\000t\000e\000d}{section.2.3}% 18
\BOOKMARK [2][-]{subsection.2.3.2}{\376\377\000T\000r\000e\000e\000\040\000S\000t\000r\000u\000c\000t\000u\000r\000e}{section.2.3}% 19
\BOOKMARK [2][-]{subsection.2.3.3}{\376\377\000W\000o\000r\000k\000i\000n\000g\000\040\000w\000i\000t\000h\000\040\000L\000a\000n\000d\000i\000n\000g\000\040\000G\000U\000I}{section.2.3}% 20
\BOOKMARK [2][-]{subsection.2.3.4}{\376\377\000W\000o\000r\000k\000i\000n\000g\000\040\000o\000n\000\040\000G\000U\000I\000\043\0001}{section.2.3}% 21
\BOOKMARK [2][-]{subsection.2.3.5}{\376\377\000W\000o\000r\000k\000i\000n\000g\000\040\000o\000n\000\040\000G\000U\000I\000\043\0002}{section.2.3}% 22
\BOOKMARK [2][-]{subsection.2.3.6}{\376\377\000W\000o\000r\000k\000i\000n\000g\000\040\000o\000n\000\040\000G\000U\000I\000\043\0003}{section.2.3}% 23
\BOOKMARK [2][-]{subsection.2.3.7}{\376\377\000F\000u\000n\000c\000t\000i\000o\000n\000s}{section.2.3}% 24
\BOOKMARK [1][-]{section.2.4}{\376\377\000C\000o\000r\000e\000\040\000D\000e\000v\000e\000l\000o\000p\000e\000r\000s}{chapter.2}% 25
\BOOKMARK [1][-]{section.2.5}{\376\377\000B\000r\000a\000n\000c\000h\000\040\000M\000o\000d\000e\000l}{chapter.2}% 26
\BOOKMARK [2][-]{subsection.2.5.1}{\376\377\000C\000o\000n\000v\000e\000n\000t\000i\000o\000n\000s}{section.2.5}% 27
\BOOKMARK [1][-]{section.2.6}{\376\377\000F\000A\000Q\000s}{chapter.2}% 28
\BOOKMARK [0][-]{chapter.3}{\376\377\000C\000o\000n\000t\000r\000i\000b\000u\000t\000o\000r\000s}{}% 29
\BOOKMARK [0][-]{chapter.4}{\376\377\000C\000h\000a\000n\000g\000e\000\040\000L\000o\000g}{}% 30
\BOOKMARK [0][-]{chapter.5}{\376\377\000N\000e\000e\000d\000\040\000H\000e\000l\000p}{}% 31
\BOOKMARK [0][-]{chapter.6}{\376\377\000L\000i\000c\000e\000n\000s\000e}{}% 32
\BOOKMARK [0][-]{chapter.7}{\376\377\000C\000o\000n\000t\000a\000c\000t}{}% 33
